\BOOKMARK [0][]{Contents.0}{\376\377\000T\000a\000b\000l\000e\000\040\000o\000f\000\040\000c\000o\000n\000t\000e\000n\000t\000s}{}% 1
\BOOKMARK [0][]{chapter*.5}{\376\377\000L\000i\000s\000t\000\040\000o\000f\000\040\000f\000i\000g\000u\000r\000e\000s}{}% 2
\BOOKMARK [0][]{chapter*.6}{\376\377\000L\000i\000s\000t\000\040\000o\000f\000\040\000t\000a\000b\000l\000e\000s}{}% 3
\BOOKMARK [0][]{chapter.1}{\376\377\0001\000\040\000I\000n\000t\000r\000o\000d\000u\000c\000t\000i\000o\000n}{}% 4
\BOOKMARK [1][]{section.1.1}{\376\377\0001\000.\0001\000\040\000G\000l\000o\000s\000s\000a\000r\000y}{chapter.1}% 5
\BOOKMARK [1][]{section.1.2}{\376\377\0001\000.\0002\000\040\000A\000P\000I\000\040\000O\000v\000e\000r\000v\000i\000e\000w}{chapter.1}% 6
\BOOKMARK [0][]{chapter.2}{\376\377\0002\000\040\000A\000P\000I\000s\000\040\000i\000n\000\040\000t\000h\000e\000\040\000P\000u\000b\000l\000i\000c\000\040\000S\000e\000c\000t\000o\000r}{}% 7
\BOOKMARK [1][]{section.2.1}{\376\377\0002\000.\0001\000\040\000A\000P\000I\000s\000\040\000e\000n\000a\000b\000l\000e\000\040\000t\000h\000e\000\040\000p\000u\000b\000l\000i\000c\000\040\000s\000e\000c\000t\000o\000r\000\040\000t\000o\000\040\000c\000r\000e\000a\000t\000e\000\040\040\030\000e\000c\000o\000s\000y\000s\000t\000e\000m\000s\040\031}{chapter.2}% 8
\BOOKMARK [1][]{section.2.2}{\376\377\0002\000.\0002\000\040\000A\000P\000I\000s\000\040\000e\000n\000a\000b\000l\000e\000\040\000p\000u\000b\000l\000i\000c\000\040\000s\000e\000c\000t\000o\000r\000\040\000a\000g\000e\000n\000c\000i\000e\000s\000\040\000t\000o\000\040\000o\000v\000e\000r\000c\000o\000m\000e\000\040\000c\000o\000m\000p\000l\000e\000x\000\040\000i\000n\000t\000e\000g\000r\000a\000t\000i\000o\000n}{chapter.2}% 9
\BOOKMARK [1][]{section.2.3}{\376\377\0002\000.\0003\000\040\000A\000P\000I\000s\000\040\000s\000u\000p\000p\000o\000r\000t\000\040\000t\000h\000e\000\040\000p\000u\000b\000l\000i\000c\000\040\000s\000e\000c\000t\000o\000r\000\040\000o\000p\000e\000n\000\040\000g\000o\000v\000e\000r\000n\000m\000e\000n\000t\000\040\000i\000n\000i\000t\000i\000a\000t\000i\000v\000e\000s}{chapter.2}% 10
\BOOKMARK [1][]{section.2.4}{\376\377\0002\000.\0004\000\040\000A\000P\000I\000s\000\040\000e\000n\000a\000b\000l\000e\000\040\000t\000h\000e\000\040\000p\000u\000b\000l\000i\000c\000\040\000s\000e\000c\000t\000o\000r\000\040\000t\000o\000\040\000i\000n\000n\000o\000v\000a\000t\000e}{chapter.2}% 11
\BOOKMARK [1][]{section.2.5}{\376\377\0002\000.\0005\000\040\000C\000h\000a\000l\000l\000e\000n\000g\000e\000s\000\040\000a\000n\000d\000\040\000C\000o\000n\000s\000i\000d\000e\000r\000a\000t\000i\000o\000n\000s}{chapter.2}% 12
\BOOKMARK [1][]{section.2.6}{\376\377\0002\000.\0006\000\040\000Q\000u\000a\000n\000t\000i\000t\000a\000t\000i\000v\000e\000\040\000a\000s\000s\000e\000s\000s\000m\000e\000n\000t\000\040\000o\000f\000\040\000A\000P\000I\000\040\000u\000s\000e\000\040\000i\000n\000\040\000t\000h\000e\000\040\000p\000u\000b\000l\000i\000c\000\040\000s\000e\000c\000t\000o\000r}{chapter.2}% 13
\BOOKMARK [1][]{section.2.7}{\376\377\0002\000.\0007\000\040\000C\000o\000n\000c\000l\000u\000s\000i\000o\000n}{chapter.2}% 14
\BOOKMARK [0][]{chapter.3}{\376\377\0003\000\040\000D\000i\000f\000f\000e\000r\000e\000n\000c\000e\000s\000\040\000w\000i\000t\000h\000\040\000t\000h\000e\000\040\000P\000r\000i\000v\000a\000t\000e\000\040\000S\000e\000c\000t\000o\000r}{}% 15
\BOOKMARK [1][]{section.3.1}{\376\377\0003\000.\0001\000\040\000A\000P\000I\000\040\000a\000v\000a\000i\000l\000a\000b\000i\000l\000i\000t\000y}{chapter.3}% 16
\BOOKMARK [1][]{section.3.2}{\376\377\0003\000.\0002\000\040\000B\000u\000s\000i\000n\000e\000s\000s\000\040\000M\000o\000d\000e\000l\000s\000\040\000a\000n\000d\000\040\000D\000i\000s\000r\000u\000p\000t\000i\000o\000n}{chapter.3}% 17
\BOOKMARK [1][]{section.3.3}{\376\377\0003\000.\0003\000\040\000M\000a\000k\000i\000n\000g\000\040\000m\000o\000n\000e\000y\000\040\000f\000r\000o\000m\000\040\000A\000P\000I\000s}{chapter.3}% 18
\BOOKMARK [1][]{section.3.4}{\376\377\0003\000.\0004\000\040\000C\000o\000n\000c\000l\000u\000s\000i\000o\000n}{chapter.3}% 19
\BOOKMARK [0][]{chapter.4}{\376\377\0004\000\040\000T\000h\000e\000\040\000f\000u\000t\000u\000r\000e\000\040\000t\000r\000e\000n\000d\000s\000\040\000f\000o\000r\000\040\000A\000P\000I\000\040\000u\000s\000e\000\040\000i\000n\000\040\000t\000h\000e\000\040\000P\000u\000b\000l\000i\000c\000\040\000S\000e\000c\000t\000o\000r}{}% 20
\BOOKMARK [1][]{section.4.1}{\376\377\0004\000.\0001\000\040\000C\000o\000n\000c\000l\000u\000s\000i\000o\000n}{chapter.4}% 21
\BOOKMARK [0][]{chapter*.8}{\376\377\000R\000e\000f\000e\000r\000e\000n\000c\000e\000s}{}% 22
\BOOKMARK [0][]{Appendix.a.A}{\376\377\000A\000p\000p\000e\000n\000d\000i\000x\000\040\000A\000\040\000A\000P\000I\000\040\000T\000y\000p\000e\000s}{}% 23
